TN:
SF:index.js
FN:13,(anonymous_0)
FN:21,shutDown
FN:22,(anonymous_2)
FNF:3
FNH:1
FNDA:2,(anonymous_0)
FNDA:0,shutDown
FNDA:0,(anonymous_2)
DA:1,2
DA:2,2
DA:3,2
DA:4,2
DA:5,2
DA:6,2
DA:9,2
DA:10,2
DA:11,2
DA:13,2
DA:14,2
DA:18,2
DA:19,2
DA:22,0
DA:23,0
DA:24,0
DA:28,2
LF:17
LH:14
BRDA:6,0,0,2
BRDA:6,0,1,2
BRF:2
BRH:2
end_of_record
TN:
SF:controllers/models.js
FN:9,(anonymous_0)
FN:17,(anonymous_1)
FN:22,(anonymous_2)
FN:27,(anonymous_3)
FN:32,(anonymous_4)
FNF:5
FNH:5
FNDA:8,(anonymous_0)
FNDA:184,(anonymous_1)
FNDA:95,(anonymous_2)
FNDA:186,(anonymous_3)
FNDA:186,(anonymous_4)
DA:1,2
DA:9,2
DA:10,8
DA:11,8
DA:13,8
DA:16,8
DA:17,184
DA:21,8
DA:22,95
DA:26,8
DA:27,186
DA:31,8
DA:32,186
DA:35,8
DA:38,2
LF:15
LH:15
BRDA:16,0,0,2
BRDA:16,0,1,6
BRDA:21,1,0,2
BRDA:21,1,1,6
BRDA:26,2,0,3
BRDA:26,2,1,5
BRDA:31,3,0,3
BRDA:31,3,1,5
BRF:8
BRH:8
end_of_record
TN:
SF:routes/index.js
FNF:0
FNH:0
DA:1,2
DA:2,2
DA:3,2
DA:4,2
DA:6,2
DA:7,2
DA:9,2
LF:7
LH:7
BRF:0
BRH:0
end_of_record
TN:
SF:routes/models.js
FNF:0
FNH:0
DA:1,2
DA:2,2
DA:3,2
DA:6,2
DA:8,2
LF:5
LH:5
BRF:0
BRH:0
end_of_record
TN:
SF:routes/ping.js
FN:5,(anonymous_0)
FNF:1
FNH:1
FNDA:1,(anonymous_0)
DA:1,2
DA:2,2
DA:5,2
DA:6,1
DA:9,2
LF:5
LH:5
BRF:0
BRH:0
end_of_record
